<?xml version="1.0" encoding="UTF-8"?>
<testsuite xmlns:xsi="http://www.w3.org/2001/XMLSchema-instance" xsi:noNamespaceSchemaLocation="https://maven.apache.org/surefire/maven-surefire-plugin/xsd/surefire-test-report.xsd" version="3.0.2" name="com.bestreviewer.SHealthBMITest" time="1.443" tests="37" errors="0" skipped="0" failures="0">
  <properties>
[...]
</properties>
  <testcase name="should_calculate_overall_category_ratio" classname="should_calculate_overall_category_ratio()" time="0.153"/>
  <testcase name="should_correct_missing_weight_by_same_age_group_average(int, double)[1]" classname="should_correct_missing_weight_by_same_age_group_average(int, double)[1]" time="0.131"/>
  <testcase name="should_correct_missing_weight_by_same_age_group_average(int, double)[2]" classname="should_correct_missing_weight_by_same_age_group_average(int, double)[2]" time="0.005"/>
  <testcase name="should_correct_missing_weight_by_same_age_group_average(int, double)[3]" classname="should_correct_missing_weight_by_same_age_group_average(int, double)[3]" time="0.006"/>
  <testcase name="should_calculate_specific_age_group_bmi_distribution" classname="should_calculate_specific_age_group_bmi_distribution()" time="0.005"/>
  <testcase name="should_classify_bmi_category_when_bmi_boundary_values_are_given" classname="should_classify_bmi_category_when_bmi_boundary_values_are_given()" time="0.006"/>
  <testcase name="should_calculate_bmi_ratio_by_age_group_through_shealth_api(int, int, double)[1]" classname="should_calculate_bmi_ratio_by_age_group_through_shealth_api(int, int, double)[1]" time="0.224"/>
  <testcase name="should_calculate_bmi_ratio_by_age_group_through_shealth_api(int, int, double)[2]" classname="should_calculate_bmi_ratio_by_age_group_through_shealth_api(int, int, double)[2]" time="0.044"/>
  <testcase name="should_calculate_bmi_ratio_by_age_group_through_shealth_api(int, int, double)[3]" classname="should_calculate_bmi_ratio_by_age_group_through_shealth_api(int, int, double)[3]" time="0.014"/>
  <testcase name="should_calculate_bmi_ratio_by_age_group_through_shealth_api(int, int, double)[4]" classname="should_calculate_bmi_ratio_by_age_group_through_shealth_api(int, int, double)[4]" time="0.022"/>
  <testcase name="should_calculate_bmi_ratio_by_age_group_through_shealth_api(int, int, double)[5]" classname="should_calculate_bmi_ratio_by_age_group_through_shealth_api(int, int, double)[5]" time="0.016"/>
  <testcase name="should_calculate_bmi_ratio_by_age_group_through_shealth_api(int, int, double)[6]" classname="should_calculate_bmi_ratio_by_age_group_through_shealth_api(int, int, double)[6]" time="0.011"/>
  <testcase name="should_calculate_bmi_ratio_by_age_group_through_shealth_api(int, int, double)[7]" classname="should_calculate_bmi_ratio_by_age_group_through_shealth_api(int, int, double)[7]" time="0.016"/>
  <testcase name="should_calculate_bmi_ratio_by_age_group_through_shealth_api(int, int, double)[8]" classname="should_calculate_bmi_ratio_by_age_group_through_shealth_api(int, int, double)[8]" time="0.02"/>
  <testcase name="should_calculate_bmi_ratio_by_age_group_through_shealth_api(int, int, double)[9]" classname="should_calculate_bmi_ratio_by_age_group_through_shealth_api(int, int, double)[9]" time="0.014"/>
  <testcase name="should_calculate_bmi_ratio_by_age_group_through_shealth_api(int, int, double)[10]" classname="should_calculate_bmi_ratio_by_age_group_through_shealth_api(int, int, double)[10]" time="0.015"/>
  <testcase name="should_calculate_bmi_ratio_by_age_group_through_shealth_api(int, int, double)[11]" classname="should_calculate_bmi_ratio_by_age_group_through_shealth_api(int, int, double)[11]" time="0.017"/>
  <testcase name="should_calculate_bmi_ratio_by_age_group_through_shealth_api(int, int, double)[12]" classname="should_calculate_bmi_ratio_by_age_group_through_shealth_api(int, int, double)[12]" time="0.017"/>
  <testcase name="should_apply_average_correction_when_weight_and_height_are_zero" classname="should_apply_average_correction_when_weight_and_height_are_zero()" time="0.003"/>
  <testcase name="should_calculate_each_age_group_bmi_statistics_with_at_least_five_cases(int, String, double)[1]" classname="should_calculate_each_age_group_bmi_statistics_with_at_least_five_cases(int, String, double)[1]" time="0.009"/>
  <testcase name="should_calculate_each_age_group_bmi_statistics_with_at_least_five_cases(int, String, double)[2]" classname="should_calculate_each_age_group_bmi_statistics_with_at_least_five_cases(int, String, double)[2]" time="0.004"/>
  <testcase name="should_calculate_each_age_group_bmi_statistics_with_at_least_five_cases(int, String, double)[3]" classname="should_calculate_each_age_group_bmi_statistics_with_at_least_five_cases(int, String, double)[3]" time="0.004"/>
  <testcase name="should_calculate_each_age_group_bmi_statistics_with_at_least_five_cases(int, String, double)[4]" classname="should_calculate_each_age_group_bmi_statistics_with_at_least_five_cases(int, String, double)[4]" time="0.003"/>
  <testcase name="should_calculate_each_age_group_bmi_statistics_with_at_least_five_cases(int, String, double)[5]" classname="should_calculate_each_age_group_bmi_statistics_with_at_least_five_cases(int, String, double)[5]" time="0.002"/>
  <testcase name="should_calculate_each_age_group_bmi_statistics_with_at_least_five_cases(int, String, double)[6]" classname="should_calculate_each_age_group_bmi_statistics_with_at_least_five_cases(int, String, double)[6]" time="0.003"/>
  <testcase name="should_calculate_each_age_group_bmi_statistics_with_at_least_five_cases(int, String, double)[7]" classname="should_calculate_each_age_group_bmi_statistics_with_at_least_five_cases(int, String, double)[7]" time="0.002"/>
  <testcase name="should_calculate_each_age_group_bmi_statistics_with_at_least_five_cases(int, String, double)[8]" classname="should_calculate_each_age_group_bmi_statistics_with_at_least_five_cases(int, String, double)[8]" time="0.004"/>
  <testcase name="should_calculate_each_age_group_bmi_statistics_with_at_least_five_cases(int, String, double)[9]" classname="should_calculate_each_age_group_bmi_statistics_with_at_least_five_cases(int, String, double)[9]" time="0.003"/>
  <testcase name="should_calculate_each_age_group_bmi_statistics_with_at_least_five_cases(int, String, double)[10]" classname="should_calculate_each_age_group_bmi_statistics_with_at_least_five_cases(int, String, double)[10]" time="0.004"/>
  <testcase name="should_calculate_each_age_group_bmi_statistics_with_at_least_five_cases(int, String, double)[11]" classname="should_calculate_each_age_group_bmi_statistics_with_at_least_five_cases(int, String, double)[11]" time="0.007"/>
  <testcase name="should_calculate_each_age_group_bmi_statistics_with_at_least_five_cases(int, String, double)[12]" classname="should_calculate_each_age_group_bmi_statistics_with_at_least_five_cases(int, String, double)[12]" time="0.003"/>
  <testcase name="should_calculate_each_age_group_bmi_statistics_with_at_least_five_cases(int, String, double)[13]" classname="should_calculate_each_age_group_bmi_statistics_with_at_least_five_cases(int, String, double)[13]" time="0.003"/>
  <testcase name="should_calculate_each_age_group_bmi_statistics_with_at_least_five_cases(int, String, double)[14]" classname="should_calculate_each_age_group_bmi_statistics_with_at_least_five_cases(int, String, double)[14]" time="0.002"/>
  <testcase name="should_calculate_each_age_group_bmi_statistics_with_at_least_five_cases(int, String, double)[15]" classname="should_calculate_each_age_group_bmi_statistics_with_at_least_five_cases(int, String, double)[15]" time="0.002"/>
  <testcase name="should_calculate_bmi_when_weight_and_height_are_valid" classname="should_calculate_bmi_when_weight_and_height_are_valid()" time="0.002"/>
  <testcase name="should_calculate_age_group_statistics_when_records_have_different_age_groups" classname="should_calculate_age_group_statistics_when_records_have_different_age_groups()" time="0.006"/>
  <testcase name="should_find_users_in_normal_bmi_range" classname="should_find_users_in_normal_bmi_range()" time="0.005"/>
</testsuite>